<?xml version="1.0" encoding="UTF-8"?>
<testsuites>
  <testsuite name="EightyFourEM\FileIntegrityChecker\Tests\Unit\Services\PriorityMatchingServiceTest" file="/home/andrew/workspace/84em/app/public/wp-content/plugins/84em-file-integrity-checker/tests/Unit/Services/PriorityMatchingServiceTest.php" tests="11" assertions="43" errors="0" warnings="0" failures="0" skipped="0" time="0.013579">
    <testcase name="testGetPriorityForFile" class="EightyFourEM\FileIntegrityChecker\Tests\Unit\Services\PriorityMatchingServiceTest" classname="EightyFourEM.FileIntegrityChecker.Tests.Unit.Services.PriorityMatchingServiceTest" file="/home/andrew/workspace/84em/app/public/wp-content/plugins/84em-file-integrity-checker/tests/Unit/Services/PriorityMatchingServiceTest.php" line="68" assertions="2" time="0.011301"/>
    <testcase name="testGetPriorityForFileWithException" class="EightyFourEM\FileIntegrityChecker\Tests\Unit\Services\PriorityMatchingServiceTest" classname="EightyFourEM.FileIntegrityChecker.Tests.Unit.Services.PriorityMatchingServiceTest" file="/home/andrew/workspace/84em/app/public/wp-content/plugins/84em-file-integrity-checker/tests/Unit/Services/PriorityMatchingServiceTest.php" line="84" assertions="3" time="0.000445"/>
    <testcase name="testGetMatchingRules" class="EightyFourEM\FileIntegrityChecker\Tests\Unit\Services\PriorityMatchingServiceTest" classname="EightyFourEM.FileIntegrityChecker.Tests.Unit.Services.PriorityMatchingServiceTest" file="/home/andrew/workspace/84em/app/public/wp-content/plugins/84em-file-integrity-checker/tests/Unit/Services/PriorityMatchingServiceTest.php" line="102" assertions="4" time="0.000369"/>
    <testcase name="testIsInMaintenanceWindow" class="EightyFourEM\FileIntegrityChecker\Tests\Unit\Services\PriorityMatchingServiceTest" classname="EightyFourEM.FileIntegrityChecker.Tests.Unit.Services.PriorityMatchingServiceTest" file="/home/andrew/workspace/84em/app/public/wp-content/plugins/84em-file-integrity-checker/tests/Unit/Services/PriorityMatchingServiceTest.php" line="123" assertions="2" time="0.000286"/>
    <testcase name="testLogChange" class="EightyFourEM\FileIntegrityChecker\Tests\Unit\Services\PriorityMatchingServiceTest" classname="EightyFourEM.FileIntegrityChecker.Tests.Unit.Services.PriorityMatchingServiceTest" file="/home/andrew/workspace/84em/app/public/wp-content/plugins/84em-file-integrity-checker/tests/Unit/Services/PriorityMatchingServiceTest.php" line="139" assertions="2" time="0.000114"/>
    <testcase name="testExceedsVelocityThreshold" class="EightyFourEM\FileIntegrityChecker\Tests\Unit\Services\PriorityMatchingServiceTest" classname="EightyFourEM.FileIntegrityChecker.Tests.Unit.Services.PriorityMatchingServiceTest" file="/home/andrew/workspace/84em/app/public/wp-content/plugins/84em-file-integrity-checker/tests/Unit/Services/PriorityMatchingServiceTest.php" line="162" assertions="3" time="0.000314"/>
    <testcase name="testExceedsVelocityThresholdWithNoThreshold" class="EightyFourEM\FileIntegrityChecker\Tests\Unit\Services\PriorityMatchingServiceTest" classname="EightyFourEM.FileIntegrityChecker.Tests.Unit.Services.PriorityMatchingServiceTest" file="/home/andrew/workspace/84em/app/public/wp-content/plugins/84em-file-integrity-checker/tests/Unit/Services/PriorityMatchingServiceTest.php" line="189" assertions="2" time="0.000111"/>
    <testcase name="testGetVelocityAlerts" class="EightyFourEM\FileIntegrityChecker\Tests\Unit\Services\PriorityMatchingServiceTest" classname="EightyFourEM.FileIntegrityChecker.Tests.Unit.Services.PriorityMatchingServiceTest" file="/home/andrew/workspace/84em/app/public/wp-content/plugins/84em-file-integrity-checker/tests/Unit/Services/PriorityMatchingServiceTest.php" line="211" assertions="4" time="0.000052"/>
    <testcase name="testProcessChangedFile" class="EightyFourEM\FileIntegrityChecker\Tests\Unit\Services\PriorityMatchingServiceTest" classname="EightyFourEM.FileIntegrityChecker.Tests.Unit.Services.PriorityMatchingServiceTest" file="/home/andrew/workspace/84em/app/public/wp-content/plugins/84em-file-integrity-checker/tests/Unit/Services/PriorityMatchingServiceTest.php" line="247" assertions="7" time="0.000081"/>
    <testcase name="testBatchProcessFiles" class="EightyFourEM\FileIntegrityChecker\Tests\Unit\Services\PriorityMatchingServiceTest" classname="EightyFourEM.FileIntegrityChecker.Tests.Unit.Services.PriorityMatchingServiceTest" file="/home/andrew/workspace/84em/app/public/wp-content/plugins/84em-file-integrity-checker/tests/Unit/Services/PriorityMatchingServiceTest.php" line="298" assertions="5" time="0.000473"/>
    <testcase name="testCalculatePriorityStats" class="EightyFourEM\FileIntegrityChecker\Tests\Unit\Services\PriorityMatchingServiceTest" classname="EightyFourEM.FileIntegrityChecker.Tests.Unit.Services.PriorityMatchingServiceTest" file="/home/andrew/workspace/84em/app/public/wp-content/plugins/84em-file-integrity-checker/tests/Unit/Services/PriorityMatchingServiceTest.php" line="328" assertions="9" time="0.000034"/>
  </testsuite>
</testsuites>
