<?xml version="1.0" encoding="UTF-8"?>
<testsuites>
  <testsuite name="" tests="126" assertions="351" errors="3" warnings="0" failures="0" skipped="0" time="0.043517">
    <testsuite name="Unit Tests" tests="119" assertions="288" errors="3" warnings="0" failures="0" skipped="0" time="0.038050">
      <testsuite name="EightyFourEM\FileIntegrityChecker\Tests\Unit\Admin\PluginLinksTest" file="/home/andrew/workspace/84em/app/public/wp-content/plugins/84em-file-integrity-checker/tests/Unit/Admin/PluginLinksTest.php" tests="3" assertions="0" errors="3" warnings="0" failures="0" skipped="0" time="0.002138">
        <testcase name="testInitRegistersPluginActionLinksFilter" class="EightyFourEM\FileIntegrityChecker\Tests\Unit\Admin\PluginLinksTest" classname="EightyFourEM.FileIntegrityChecker.Tests.Unit.Admin.PluginLinksTest" file="/home/andrew/workspace/84em/app/public/wp-content/plugins/84em-file-integrity-checker/tests/Unit/Admin/PluginLinksTest.php" line="43" assertions="0" time="0.002087">
          <error type="Error">EightyFourEM\FileIntegrityChecker\Tests\Unit\Admin\PluginLinksTest::testInitRegistersPluginActionLinksFilter
Error: Call to undefined function Brain\Monkey\setUp()

/home/andrew/workspace/84em/app/public/wp-content/plugins/84em-file-integrity-checker/tests/Unit/Admin/PluginLinksTest.php:24</error>
        </testcase>
        <testcase name="testAddActionLinksAddsSettingsLinkForAuthorizedUsers" class="EightyFourEM\FileIntegrityChecker\Tests\Unit\Admin\PluginLinksTest" classname="EightyFourEM.FileIntegrityChecker.Tests.Unit.Admin.PluginLinksTest" file="/home/andrew/workspace/84em/app/public/wp-content/plugins/84em-file-integrity-checker/tests/Unit/Admin/PluginLinksTest.php" line="63" assertions="0" time="0.000032">
          <error type="Error">EightyFourEM\FileIntegrityChecker\Tests\Unit\Admin\PluginLinksTest::testAddActionLinksAddsSettingsLinkForAuthorizedUsers
Error: Call to undefined function Brain\Monkey\setUp()

/home/andrew/workspace/84em/app/public/wp-content/plugins/84em-file-integrity-checker/tests/Unit/Admin/PluginLinksTest.php:24</error>
        </testcase>
        <testcase name="testAddActionLinksReturnsUnchangedLinksForUnauthorizedUsers" class="EightyFourEM\FileIntegrityChecker\Tests\Unit\Admin\PluginLinksTest" classname="EightyFourEM.FileIntegrityChecker.Tests.Unit.Admin.PluginLinksTest" file="/home/andrew/workspace/84em/app/public/wp-content/plugins/84em-file-integrity-checker/tests/Unit/Admin/PluginLinksTest.php" line="102" assertions="0" time="0.000019">
          <error type="Error">EightyFourEM\FileIntegrityChecker\Tests\Unit\Admin\PluginLinksTest::testAddActionLinksReturnsUnchangedLinksForUnauthorizedUsers
Error: Call to undefined function Brain\Monkey\setUp()

/home/andrew/workspace/84em/app/public/wp-content/plugins/84em-file-integrity-checker/tests/Unit/Admin/PluginLinksTest.php:24</error>
        </testcase>
      </testsuite>
      <testsuite name="EightyFourEM\FileIntegrityChecker\Tests\Unit\ContainerTest" file="/home/andrew/workspace/84em/app/public/wp-content/plugins/84em-file-integrity-checker/tests/Unit/ContainerTest.php" tests="12" assertions="18" errors="0" warnings="0" failures="0" skipped="0" time="0.001554">
        <testcase name="testRegisterAndGetService" class="EightyFourEM\FileIntegrityChecker\Tests\Unit\ContainerTest" classname="EightyFourEM.FileIntegrityChecker.Tests.Unit.ContainerTest" file="/home/andrew/workspace/84em/app/public/wp-content/plugins/84em-file-integrity-checker/tests/Unit/ContainerTest.php" line="18" assertions="1" time="0.000450"/>
        <testcase name="testServiceIsSingleton" class="EightyFourEM\FileIntegrityChecker\Tests\Unit\ContainerTest" classname="EightyFourEM.FileIntegrityChecker.Tests.Unit.ContainerTest" file="/home/andrew/workspace/84em/app/public/wp-content/plugins/84em-file-integrity-checker/tests/Unit/ContainerTest.php" line="28" assertions="1" time="0.000166"/>
        <testcase name="testRegisterSingleton" class="EightyFourEM\FileIntegrityChecker\Tests\Unit\ContainerTest" classname="EightyFourEM.FileIntegrityChecker.Tests.Unit.ContainerTest" file="/home/andrew/workspace/84em/app/public/wp-content/plugins/84em-file-integrity-checker/tests/Unit/ContainerTest.php" line="39" assertions="1" time="0.000013"/>
        <testcase name="testHasService" class="EightyFourEM\FileIntegrityChecker\Tests\Unit\ContainerTest" classname="EightyFourEM.FileIntegrityChecker.Tests.Unit.ContainerTest" file="/home/andrew/workspace/84em/app/public/wp-content/plugins/84em-file-integrity-checker/tests/Unit/ContainerTest.php" line="48" assertions="2" time="0.000103"/>
        <testcase name="testHasSingleton" class="EightyFourEM\FileIntegrityChecker\Tests\Unit\ContainerTest" classname="EightyFourEM.FileIntegrityChecker.Tests.Unit.ContainerTest" file="/home/andrew/workspace/84em/app/public/wp-content/plugins/84em-file-integrity-checker/tests/Unit/ContainerTest.php" line="57" assertions="1" time="0.000029"/>
        <testcase name="testMakeCreatesNewInstance" class="EightyFourEM\FileIntegrityChecker\Tests\Unit\ContainerTest" classname="EightyFourEM.FileIntegrityChecker.Tests.Unit.ContainerTest" file="/home/andrew/workspace/84em/app/public/wp-content/plugins/84em-file-integrity-checker/tests/Unit/ContainerTest.php" line="63" assertions="1" time="0.000350"/>
        <testcase name="testDependencyInjection" class="EightyFourEM\FileIntegrityChecker\Tests\Unit\ContainerTest" classname="EightyFourEM.FileIntegrityChecker.Tests.Unit.ContainerTest" file="/home/andrew/workspace/84em/app/public/wp-content/plugins/84em-file-integrity-checker/tests/Unit/ContainerTest.php" line="74" assertions="3" time="0.000178"/>
        <testcase name="testGetThrowsExceptionForUnregisteredService" class="EightyFourEM\FileIntegrityChecker\Tests\Unit\ContainerTest" classname="EightyFourEM.FileIntegrityChecker.Tests.Unit.ContainerTest" file="/home/andrew/workspace/84em/app/public/wp-content/plugins/84em-file-integrity-checker/tests/Unit/ContainerTest.php" line="96" assertions="2" time="0.000207"/>
        <testcase name="testMakeThrowsExceptionForUnregisteredService" class="EightyFourEM\FileIntegrityChecker\Tests\Unit\ContainerTest" classname="EightyFourEM.FileIntegrityChecker.Tests.Unit.ContainerTest" file="/home/andrew/workspace/84em/app/public/wp-content/plugins/84em-file-integrity-checker/tests/Unit/ContainerTest.php" line="103" assertions="2" time="0.000019"/>
        <testcase name="testFactoryFunctionReceivesContainer" class="EightyFourEM\FileIntegrityChecker\Tests\Unit\ContainerTest" classname="EightyFourEM.FileIntegrityChecker.Tests.Unit.ContainerTest" file="/home/andrew/workspace/84em/app/public/wp-content/plugins/84em-file-integrity-checker/tests/Unit/ContainerTest.php" line="132" assertions="1" time="0.000018"/>
        <testcase name="testMultipleRegistrationsOverwrite" class="EightyFourEM\FileIntegrityChecker\Tests\Unit\ContainerTest" classname="EightyFourEM.FileIntegrityChecker.Tests.Unit.ContainerTest" file="/home/andrew/workspace/84em/app/public/wp-content/plugins/84em-file-integrity-checker/tests/Unit/ContainerTest.php" line="145" assertions="1" time="0.000010"/>
        <testcase name="testSingletonOverridesFactory" class="EightyFourEM\FileIntegrityChecker\Tests\Unit\ContainerTest" classname="EightyFourEM.FileIntegrityChecker.Tests.Unit.ContainerTest" file="/home/andrew/workspace/84em/app/public/wp-content/plugins/84em-file-integrity-checker/tests/Unit/ContainerTest.php" line="165" assertions="2" time="0.000010"/>
      </testsuite>
      <testsuite name="EightyFourEM\FileIntegrityChecker\Tests\Unit\Core\ActivatorTest" file="/home/andrew/workspace/84em/app/public/wp-content/plugins/84em-file-integrity-checker/tests/Unit/Core/ActivatorTest.php" tests="5" assertions="8" errors="0" warnings="0" failures="0" skipped="0" time="0.007804">
        <testcase name="testActivatorCanBeInstantiated" class="EightyFourEM\FileIntegrityChecker\Tests\Unit\Core\ActivatorTest" classname="EightyFourEM.FileIntegrityChecker.Tests.Unit.Core.ActivatorTest" file="/home/andrew/workspace/84em/app/public/wp-content/plugins/84em-file-integrity-checker/tests/Unit/Core/ActivatorTest.php" line="44" assertions="1" time="0.005934"/>
        <testcase name="testActivateMethodCallsCreateTables" class="EightyFourEM\FileIntegrityChecker\Tests\Unit\Core\ActivatorTest" classname="EightyFourEM.FileIntegrityChecker.Tests.Unit.Core.ActivatorTest" file="/home/andrew/workspace/84em/app/public/wp-content/plugins/84em-file-integrity-checker/tests/Unit/Core/ActivatorTest.php" line="54" assertions="1" time="0.001759"/>
        <testcase name="testAreMigrationsAppliedMethodExists" class="EightyFourEM\FileIntegrityChecker\Tests\Unit\Core\ActivatorTest" classname="EightyFourEM.FileIntegrityChecker.Tests.Unit.Core.ActivatorTest" file="/home/andrew/workspace/84em/app/public/wp-content/plugins/84em-file-integrity-checker/tests/Unit/Core/ActivatorTest.php" line="70" assertions="2" time="0.000038"/>
        <testcase name="testScheduleMigrationsIfNeededMethodExists" class="EightyFourEM\FileIntegrityChecker\Tests\Unit\Core\ActivatorTest" classname="EightyFourEM.FileIntegrityChecker.Tests.Unit.Core.ActivatorTest" file="/home/andrew/workspace/84em/app/public/wp-content/plugins/84em-file-integrity-checker/tests/Unit/Core/ActivatorTest.php" line="88" assertions="2" time="0.000034"/>
        <testcase name="testSetDefaultOptionsMethodExists" class="EightyFourEM\FileIntegrityChecker\Tests\Unit\Core\ActivatorTest" classname="EightyFourEM.FileIntegrityChecker.Tests.Unit.Core.ActivatorTest" file="/home/andrew/workspace/84em/app/public/wp-content/plugins/84em-file-integrity-checker/tests/Unit/Core/ActivatorTest.php" line="106" assertions="2" time="0.000040"/>
      </testsuite>
      <testsuite name="EightyFourEM\FileIntegrityChecker\Tests\Unit\Database\PriorityRulesRepositoryTest" file="/home/andrew/workspace/84em/app/public/wp-content/plugins/84em-file-integrity-checker/tests/Unit/Database/PriorityRulesRepositoryTest.php" tests="20" assertions="46" errors="0" warnings="0" failures="0" skipped="0" time="0.002408">
        <testcase name="testCreateWithValidData" class="EightyFourEM\FileIntegrityChecker\Tests\Unit\Database\PriorityRulesRepositoryTest" classname="EightyFourEM.FileIntegrityChecker.Tests.Unit.Database.PriorityRulesRepositoryTest" file="/home/andrew/workspace/84em/app/public/wp-content/plugins/84em-file-integrity-checker/tests/Unit/Database/PriorityRulesRepositoryTest.php" line="60" assertions="2" time="0.001273"/>
        <testcase name="testCreateWithMissingRequiredFields" class="EightyFourEM\FileIntegrityChecker\Tests\Unit\Database\PriorityRulesRepositoryTest" classname="EightyFourEM.FileIntegrityChecker.Tests.Unit.Database.PriorityRulesRepositoryTest" file="/home/andrew/workspace/84em/app/public/wp-content/plugins/84em-file-integrity-checker/tests/Unit/Database/PriorityRulesRepositoryTest.php" line="87" assertions="1" time="0.000030"/>
        <testcase name="testUpdate" class="EightyFourEM\FileIntegrityChecker\Tests\Unit\Database\PriorityRulesRepositoryTest" classname="EightyFourEM.FileIntegrityChecker.Tests.Unit.Database.PriorityRulesRepositoryTest" file="/home/andrew/workspace/84em/app/public/wp-content/plugins/84em-file-integrity-checker/tests/Unit/Database/PriorityRulesRepositoryTest.php" line="101" assertions="2" time="0.000063"/>
        <testcase name="testDelete" class="EightyFourEM\FileIntegrityChecker\Tests\Unit\Database\PriorityRulesRepositoryTest" classname="EightyFourEM.FileIntegrityChecker.Tests.Unit.Database.PriorityRulesRepositoryTest" file="/home/andrew/workspace/84em/app/public/wp-content/plugins/84em-file-integrity-checker/tests/Unit/Database/PriorityRulesRepositoryTest.php" line="119" assertions="2" time="0.000040"/>
        <testcase name="testFind" class="EightyFourEM\FileIntegrityChecker\Tests\Unit\Database\PriorityRulesRepositoryTest" classname="EightyFourEM.FileIntegrityChecker.Tests.Unit.Database.PriorityRulesRepositoryTest" file="/home/andrew/workspace/84em/app/public/wp-content/plugins/84em-file-integrity-checker/tests/Unit/Database/PriorityRulesRepositoryTest.php" line="137" assertions="3" time="0.000094"/>
        <testcase name="testFindAllWithFilters" class="EightyFourEM\FileIntegrityChecker\Tests\Unit\Database\PriorityRulesRepositoryTest" classname="EightyFourEM.FileIntegrityChecker.Tests.Unit.Database.PriorityRulesRepositoryTest" file="/home/andrew/workspace/84em/app/public/wp-content/plugins/84em-file-integrity-checker/tests/Unit/Database/PriorityRulesRepositoryTest.php" line="157" assertions="3" time="0.000467"/>
        <testcase name="testGetActiveRules" class="EightyFourEM\FileIntegrityChecker\Tests\Unit\Database\PriorityRulesRepositoryTest" classname="EightyFourEM.FileIntegrityChecker.Tests.Unit.Database.PriorityRulesRepositoryTest" file="/home/andrew/workspace/84em/app/public/wp-content/plugins/84em-file-integrity-checker/tests/Unit/Database/PriorityRulesRepositoryTest.php" line="186" assertions="3" time="0.000065"/>
        <testcase name="testPathMatchesRuleExact" class="EightyFourEM\FileIntegrityChecker\Tests\Unit\Database\PriorityRulesRepositoryTest" classname="EightyFourEM.FileIntegrityChecker.Tests.Unit.Database.PriorityRulesRepositoryTest" file="/home/andrew/workspace/84em/app/public/wp-content/plugins/84em-file-integrity-checker/tests/Unit/Database/PriorityRulesRepositoryTest.php" line="209" assertions="2" time="0.000036"/>
        <testcase name="testPathMatchesRulePrefix" class="EightyFourEM\FileIntegrityChecker\Tests\Unit\Database\PriorityRulesRepositoryTest" classname="EightyFourEM.FileIntegrityChecker.Tests.Unit.Database.PriorityRulesRepositoryTest" file="/home/andrew/workspace/84em/app/public/wp-content/plugins/84em-file-integrity-checker/tests/Unit/Database/PriorityRulesRepositoryTest.php" line="227" assertions="2" time="0.000020"/>
        <testcase name="testPathMatchesRuleSuffix" class="EightyFourEM\FileIntegrityChecker\Tests\Unit\Database\PriorityRulesRepositoryTest" classname="EightyFourEM.FileIntegrityChecker.Tests.Unit.Database.PriorityRulesRepositoryTest" file="/home/andrew/workspace/84em/app/public/wp-content/plugins/84em-file-integrity-checker/tests/Unit/Database/PriorityRulesRepositoryTest.php" line="244" assertions="2" time="0.000019"/>
        <testcase name="testPathMatchesRuleContains" class="EightyFourEM\FileIntegrityChecker\Tests\Unit\Database\PriorityRulesRepositoryTest" classname="EightyFourEM.FileIntegrityChecker.Tests.Unit.Database.PriorityRulesRepositoryTest" file="/home/andrew/workspace/84em/app/public/wp-content/plugins/84em-file-integrity-checker/tests/Unit/Database/PriorityRulesRepositoryTest.php" line="261" assertions="2" time="0.000020"/>
        <testcase name="testPathMatchesRuleGlob" class="EightyFourEM\FileIntegrityChecker\Tests\Unit\Database\PriorityRulesRepositoryTest" classname="EightyFourEM.FileIntegrityChecker.Tests.Unit.Database.PriorityRulesRepositoryTest" file="/home/andrew/workspace/84em/app/public/wp-content/plugins/84em-file-integrity-checker/tests/Unit/Database/PriorityRulesRepositoryTest.php" line="278" assertions="2" time="0.000027"/>
        <testcase name="testPathMatchesRuleRegex" class="EightyFourEM\FileIntegrityChecker\Tests\Unit\Database\PriorityRulesRepositoryTest" classname="EightyFourEM.FileIntegrityChecker.Tests.Unit.Database.PriorityRulesRepositoryTest" file="/home/andrew/workspace/84em/app/public/wp-content/plugins/84em-file-integrity-checker/tests/Unit/Database/PriorityRulesRepositoryTest.php" line="295" assertions="2" time="0.000021"/>
        <testcase name="testGlobMatch" class="EightyFourEM\FileIntegrityChecker\Tests\Unit\Database\PriorityRulesRepositoryTest" classname="EightyFourEM.FileIntegrityChecker.Tests.Unit.Database.PriorityRulesRepositoryTest" file="/home/andrew/workspace/84em/app/public/wp-content/plugins/84em-file-integrity-checker/tests/Unit/Database/PriorityRulesRepositoryTest.php" line="312" assertions="6" time="0.000028"/>
        <testcase name="testGetPriorityForPath" class="EightyFourEM\FileIntegrityChecker\Tests\Unit\Database\PriorityRulesRepositoryTest" classname="EightyFourEM.FileIntegrityChecker.Tests.Unit.Database.PriorityRulesRepositoryTest" file="/home/andrew/workspace/84em/app/public/wp-content/plugins/84em-file-integrity-checker/tests/Unit/Database/PriorityRulesRepositoryTest.php" line="333" assertions="2" time="0.000035"/>
        <testcase name="testIsInMaintenanceWindow" class="EightyFourEM\FileIntegrityChecker\Tests\Unit\Database\PriorityRulesRepositoryTest" classname="EightyFourEM.FileIntegrityChecker.Tests.Unit.Database.PriorityRulesRepositoryTest" file="/home/andrew/workspace/84em/app/public/wp-content/plugins/84em-file-integrity-checker/tests/Unit/Database/PriorityRulesRepositoryTest.php" line="363" assertions="2" time="0.000044"/>
        <testcase name="testCount" class="EightyFourEM\FileIntegrityChecker\Tests\Unit\Database\PriorityRulesRepositoryTest" classname="EightyFourEM.FileIntegrityChecker.Tests.Unit.Database.PriorityRulesRepositoryTest" file="/home/andrew/workspace/84em/app/public/wp-content/plugins/84em-file-integrity-checker/tests/Unit/Database/PriorityRulesRepositoryTest.php" line="389" assertions="2" time="0.000033"/>
        <testcase name="testSetActive" class="EightyFourEM\FileIntegrityChecker\Tests\Unit\Database\PriorityRulesRepositoryTest" classname="EightyFourEM.FileIntegrityChecker.Tests.Unit.Database.PriorityRulesRepositoryTest" file="/home/andrew/workspace/84em/app/public/wp-content/plugins/84em-file-integrity-checker/tests/Unit/Database/PriorityRulesRepositoryTest.php" line="404" assertions="2" time="0.000030"/>
        <testcase name="testBulkSetActive" class="EightyFourEM\FileIntegrityChecker\Tests\Unit\Database\PriorityRulesRepositoryTest" classname="EightyFourEM.FileIntegrityChecker.Tests.Unit.Database.PriorityRulesRepositoryTest" file="/home/andrew/workspace/84em/app/public/wp-content/plugins/84em-file-integrity-checker/tests/Unit/Database/PriorityRulesRepositoryTest.php" line="417" assertions="2" time="0.000035"/>
        <testcase name="testBulkDelete" class="EightyFourEM\FileIntegrityChecker\Tests\Unit\Database\PriorityRulesRepositoryTest" classname="EightyFourEM.FileIntegrityChecker.Tests.Unit.Database.PriorityRulesRepositoryTest" file="/home/andrew/workspace/84em/app/public/wp-content/plugins/84em-file-integrity-checker/tests/Unit/Database/PriorityRulesRepositoryTest.php" line="434" assertions="2" time="0.000028"/>
      </testsuite>
      <testsuite name="EightyFourEM\FileIntegrityChecker\Tests\Unit\Database\VelocityLogRepositoryTest" file="/home/andrew/workspace/84em/app/public/wp-content/plugins/84em-file-integrity-checker/tests/Unit/Database/VelocityLogRepositoryTest.php" tests="18" assertions="53" errors="0" warnings="0" failures="0" skipped="0" time="0.001146">
        <testcase name="testLogWithValidData" class="EightyFourEM\FileIntegrityChecker\Tests\Unit\Database\VelocityLogRepositoryTest" classname="EightyFourEM.FileIntegrityChecker.Tests.Unit.Database.VelocityLogRepositoryTest" file="/home/andrew/workspace/84em/app/public/wp-content/plugins/84em-file-integrity-checker/tests/Unit/Database/VelocityLogRepositoryTest.php" line="51" assertions="2" time="0.000378"/>
        <testcase name="testLogWithMissingRequiredFields" class="EightyFourEM\FileIntegrityChecker\Tests\Unit\Database\VelocityLogRepositoryTest" classname="EightyFourEM.FileIntegrityChecker.Tests.Unit.Database.VelocityLogRepositoryTest" file="/home/andrew/workspace/84em/app/public/wp-content/plugins/84em-file-integrity-checker/tests/Unit/Database/VelocityLogRepositoryTest.php" line="80" assertions="1" time="0.000024"/>
        <testcase name="testGetChangeCount" class="EightyFourEM\FileIntegrityChecker\Tests\Unit\Database\VelocityLogRepositoryTest" classname="EightyFourEM.FileIntegrityChecker.Tests.Unit.Database.VelocityLogRepositoryTest" file="/home/andrew/workspace/84em/app/public/wp-content/plugins/84em-file-integrity-checker/tests/Unit/Database/VelocityLogRepositoryTest.php" line="95" assertions="2" time="0.000035"/>
        <testcase name="testGetChangeCountWithCustomReferenceTime" class="EightyFourEM\FileIntegrityChecker\Tests\Unit\Database\VelocityLogRepositoryTest" classname="EightyFourEM.FileIntegrityChecker.Tests.Unit.Database.VelocityLogRepositoryTest" file="/home/andrew/workspace/84em/app/public/wp-content/plugins/84em-file-integrity-checker/tests/Unit/Database/VelocityLogRepositoryTest.php" line="112" assertions="2" time="0.000156"/>
        <testcase name="testExceedsVelocityThresholdNotExceeded" class="EightyFourEM\FileIntegrityChecker\Tests\Unit\Database\VelocityLogRepositoryTest" classname="EightyFourEM.FileIntegrityChecker.Tests.Unit.Database.VelocityLogRepositoryTest" file="/home/andrew/workspace/84em/app/public/wp-content/plugins/84em-file-integrity-checker/tests/Unit/Database/VelocityLogRepositoryTest.php" line="139" assertions="2" time="0.000042"/>
        <testcase name="testExceedsVelocityThresholdExceeded" class="EightyFourEM\FileIntegrityChecker\Tests\Unit\Database\VelocityLogRepositoryTest" classname="EightyFourEM.FileIntegrityChecker.Tests.Unit.Database.VelocityLogRepositoryTest" file="/home/andrew/workspace/84em/app/public/wp-content/plugins/84em-file-integrity-checker/tests/Unit/Database/VelocityLogRepositoryTest.php" line="156" assertions="2" time="0.000032"/>
        <testcase name="testGetRecentChanges" class="EightyFourEM\FileIntegrityChecker\Tests\Unit\Database\VelocityLogRepositoryTest" classname="EightyFourEM.FileIntegrityChecker.Tests.Unit.Database.VelocityLogRepositoryTest" file="/home/andrew/workspace/84em/app/public/wp-content/plugins/84em-file-integrity-checker/tests/Unit/Database/VelocityLogRepositoryTest.php" line="173" assertions="3" time="0.000034"/>
        <testcase name="testGetVelocityStats" class="EightyFourEM\FileIntegrityChecker\Tests\Unit\Database\VelocityLogRepositoryTest" classname="EightyFourEM.FileIntegrityChecker.Tests.Unit.Database.VelocityLogRepositoryTest" file="/home/andrew/workspace/84em/app/public/wp-content/plugins/84em-file-integrity-checker/tests/Unit/Database/VelocityLogRepositoryTest.php" line="206" assertions="4" time="0.000039"/>
        <testcase name="testGetVelocityStatsWithNoData" class="EightyFourEM\FileIntegrityChecker\Tests\Unit\Database\VelocityLogRepositoryTest" classname="EightyFourEM.FileIntegrityChecker.Tests.Unit.Database.VelocityLogRepositoryTest" file="/home/andrew/workspace/84em/app/public/wp-content/plugins/84em-file-integrity-checker/tests/Unit/Database/VelocityLogRepositoryTest.php" line="232" assertions="6" time="0.000031"/>
        <testcase name="testGetTopChangedFiles" class="EightyFourEM\FileIntegrityChecker\Tests\Unit\Database\VelocityLogRepositoryTest" classname="EightyFourEM.FileIntegrityChecker.Tests.Unit.Database.VelocityLogRepositoryTest" file="/home/andrew/workspace/84em/app/public/wp-content/plugins/84em-file-integrity-checker/tests/Unit/Database/VelocityLogRepositoryTest.php" line="253" assertions="4" time="0.000031"/>
        <testcase name="testCleanup" class="EightyFourEM\FileIntegrityChecker\Tests\Unit\Database\VelocityLogRepositoryTest" classname="EightyFourEM.FileIntegrityChecker.Tests.Unit.Database.VelocityLogRepositoryTest" file="/home/andrew/workspace/84em/app/public/wp-content/plugins/84em-file-integrity-checker/tests/Unit/Database/VelocityLogRepositoryTest.php" line="285" assertions="2" time="0.000029"/>
        <testcase name="testDeleteByRule" class="EightyFourEM\FileIntegrityChecker\Tests\Unit\Database\VelocityLogRepositoryTest" classname="EightyFourEM.FileIntegrityChecker.Tests.Unit.Database.VelocityLogRepositoryTest" file="/home/andrew/workspace/84em/app/public/wp-content/plugins/84em-file-integrity-checker/tests/Unit/Database/VelocityLogRepositoryTest.php" line="302" assertions="2" time="0.000034"/>
        <testcase name="testDeleteByScan" class="EightyFourEM\FileIntegrityChecker\Tests\Unit\Database\VelocityLogRepositoryTest" classname="EightyFourEM.FileIntegrityChecker.Tests.Unit.Database.VelocityLogRepositoryTest" file="/home/andrew/workspace/84em/app/public/wp-content/plugins/84em-file-integrity-checker/tests/Unit/Database/VelocityLogRepositoryTest.php" line="320" assertions="2" time="0.000031"/>
        <testcase name="testCount" class="EightyFourEM\FileIntegrityChecker\Tests\Unit\Database\VelocityLogRepositoryTest" classname="EightyFourEM.FileIntegrityChecker.Tests.Unit.Database.VelocityLogRepositoryTest" file="/home/andrew/workspace/84em/app/public/wp-content/plugins/84em-file-integrity-checker/tests/Unit/Database/VelocityLogRepositoryTest.php" line="338" assertions="2" time="0.000025"/>
        <testcase name="testGetVelocityAlertsNoAlerts" class="EightyFourEM\FileIntegrityChecker\Tests\Unit\Database\VelocityLogRepositoryTest" classname="EightyFourEM.FileIntegrityChecker.Tests.Unit.Database.VelocityLogRepositoryTest" file="/home/andrew/workspace/84em/app/public/wp-content/plugins/84em-file-integrity-checker/tests/Unit/Database/VelocityLogRepositoryTest.php" line="351" assertions="3" time="0.000031"/>
        <testcase name="testGetVelocityAlertsWithAlerts" class="EightyFourEM\FileIntegrityChecker\Tests\Unit\Database\VelocityLogRepositoryTest" classname="EightyFourEM.FileIntegrityChecker.Tests.Unit.Database.VelocityLogRepositoryTest" file="/home/andrew/workspace/84em/app/public/wp-content/plugins/84em-file-integrity-checker/tests/Unit/Database/VelocityLogRepositoryTest.php" line="387" assertions="7" time="0.000035"/>
        <testcase name="testGetVelocityAlertsSkipsRulesWithoutSettings" class="EightyFourEM\FileIntegrityChecker\Tests\Unit\Database\VelocityLogRepositoryTest" classname="EightyFourEM.FileIntegrityChecker.Tests.Unit.Database.VelocityLogRepositoryTest" file="/home/andrew/workspace/84em/app/public/wp-content/plugins/84em-file-integrity-checker/tests/Unit/Database/VelocityLogRepositoryTest.php" line="427" assertions="2" time="0.000022"/>
        <testcase name="testGetVelocityAlertsMultipleRules" class="EightyFourEM\FileIntegrityChecker\Tests\Unit\Database\VelocityLogRepositoryTest" classname="EightyFourEM.FileIntegrityChecker.Tests.Unit.Database.VelocityLogRepositoryTest" file="/home/andrew/workspace/84em/app/public/wp-content/plugins/84em-file-integrity-checker/tests/Unit/Database/VelocityLogRepositoryTest.php" line="454" assertions="5" time="0.000136"/>
      </testsuite>
      <testsuite name="EightyFourEM\FileIntegrityChecker\Tests\Unit\Scanner\ChecksumGeneratorTest" file="/home/andrew/workspace/84em/app/public/wp-content/plugins/84em-file-integrity-checker/tests/Unit/Scanner/ChecksumGeneratorTest.php" tests="12" assertions="22" errors="0" warnings="0" failures="0" skipped="0" time="0.009050">
        <testcase name="testGenerateChecksumForValidFile" class="EightyFourEM\FileIntegrityChecker\Tests\Unit\Scanner\ChecksumGeneratorTest" classname="EightyFourEM.FileIntegrityChecker.Tests.Unit.Scanner.ChecksumGeneratorTest" file="/home/andrew/workspace/84em/app/public/wp-content/plugins/84em-file-integrity-checker/tests/Unit/Scanner/ChecksumGeneratorTest.php" line="34" assertions="3" time="0.000496"/>
        <testcase name="testGenerateChecksumForNonexistentFile" class="EightyFourEM\FileIntegrityChecker\Tests\Unit\Scanner\ChecksumGeneratorTest" classname="EightyFourEM.FileIntegrityChecker.Tests.Unit.Scanner.ChecksumGeneratorTest" file="/home/andrew/workspace/84em/app/public/wp-content/plugins/84em-file-integrity-checker/tests/Unit/Scanner/ChecksumGeneratorTest.php" line="42" assertions="1" time="0.000108"/>
        <testcase name="testGenerateChecksumConsistency" class="EightyFourEM\FileIntegrityChecker\Tests\Unit\Scanner\ChecksumGeneratorTest" classname="EightyFourEM.FileIntegrityChecker.Tests.Unit.Scanner.ChecksumGeneratorTest" file="/home/andrew/workspace/84em/app/public/wp-content/plugins/84em-file-integrity-checker/tests/Unit/Scanner/ChecksumGeneratorTest.php" line="48" assertions="1" time="0.000103"/>
        <testcase name="testGenerateChecksumDetectsChanges" class="EightyFourEM\FileIntegrityChecker\Tests\Unit\Scanner\ChecksumGeneratorTest" classname="EightyFourEM.FileIntegrityChecker.Tests.Unit.Scanner.ChecksumGeneratorTest" file="/home/andrew/workspace/84em/app/public/wp-content/plugins/84em-file-integrity-checker/tests/Unit/Scanner/ChecksumGeneratorTest.php" line="55" assertions="1" time="0.007068"/>
        <testcase name="testGenerateBatchChecksums" class="EightyFourEM\FileIntegrityChecker\Tests\Unit\Scanner\ChecksumGeneratorTest" classname="EightyFourEM.FileIntegrityChecker.Tests.Unit.Scanner.ChecksumGeneratorTest" file="/home/andrew/workspace/84em/app/public/wp-content/plugins/84em-file-integrity-checker/tests/Unit/Scanner/ChecksumGeneratorTest.php" line="66" assertions="7" time="0.000552"/>
        <testcase name="testVerifyChecksumCorrect" class="EightyFourEM\FileIntegrityChecker\Tests\Unit\Scanner\ChecksumGeneratorTest" classname="EightyFourEM.FileIntegrityChecker.Tests.Unit.Scanner.ChecksumGeneratorTest" file="/home/andrew/workspace/84em/app/public/wp-content/plugins/84em-file-integrity-checker/tests/Unit/Scanner/ChecksumGeneratorTest.php" line="90" assertions="1" time="0.000115"/>
        <testcase name="testVerifyChecksumIncorrect" class="EightyFourEM\FileIntegrityChecker\Tests\Unit\Scanner\ChecksumGeneratorTest" classname="EightyFourEM.FileIntegrityChecker.Tests.Unit.Scanner.ChecksumGeneratorTest" file="/home/andrew/workspace/84em/app/public/wp-content/plugins/84em-file-integrity-checker/tests/Unit/Scanner/ChecksumGeneratorTest.php" line="98" assertions="1" time="0.000071"/>
        <testcase name="testGetHashAlgorithm" class="EightyFourEM\FileIntegrityChecker\Tests\Unit\Scanner\ChecksumGeneratorTest" classname="EightyFourEM.FileIntegrityChecker.Tests.Unit.Scanner.ChecksumGeneratorTest" file="/home/andrew/workspace/84em/app/public/wp-content/plugins/84em-file-integrity-checker/tests/Unit/Scanner/ChecksumGeneratorTest.php" line="106" assertions="1" time="0.000057"/>
        <testcase name="testIsAlgorithmSupported" class="EightyFourEM\FileIntegrityChecker\Tests\Unit\Scanner\ChecksumGeneratorTest" classname="EightyFourEM.FileIntegrityChecker.Tests.Unit.Scanner.ChecksumGeneratorTest" file="/home/andrew/workspace/84em/app/public/wp-content/plugins/84em-file-integrity-checker/tests/Unit/Scanner/ChecksumGeneratorTest.php" line="112" assertions="1" time="0.000058"/>
        <testcase name="testGetSupportedAlgorithms" class="EightyFourEM\FileIntegrityChecker\Tests\Unit\Scanner\ChecksumGeneratorTest" classname="EightyFourEM.FileIntegrityChecker.Tests.Unit.Scanner.ChecksumGeneratorTest" file="/home/andrew/workspace/84em/app/public/wp-content/plugins/84em-file-integrity-checker/tests/Unit/Scanner/ChecksumGeneratorTest.php" line="118" assertions="2" time="0.000221"/>
        <testcase name="testGenerateChecksumForEmptyFile" class="EightyFourEM\FileIntegrityChecker\Tests\Unit\Scanner\ChecksumGeneratorTest" classname="EightyFourEM.FileIntegrityChecker.Tests.Unit.Scanner.ChecksumGeneratorTest" file="/home/andrew/workspace/84em/app/public/wp-content/plugins/84em-file-integrity-checker/tests/Unit/Scanner/ChecksumGeneratorTest.php" line="125" assertions="1" time="0.000098"/>
        <testcase name="testBatchChecksumHandlesNonexistentFiles" class="EightyFourEM\FileIntegrityChecker\Tests\Unit\Scanner\ChecksumGeneratorTest" classname="EightyFourEM.FileIntegrityChecker.Tests.Unit.Scanner.ChecksumGeneratorTest" file="/home/andrew/workspace/84em/app/public/wp-content/plugins/84em-file-integrity-checker/tests/Unit/Scanner/ChecksumGeneratorTest.php" line="137" assertions="2" time="0.000103"/>
      </testsuite>
      <testsuite name="EightyFourEM\FileIntegrityChecker\Tests\Unit\Services\EncryptionServiceTest" file="/home/andrew/workspace/84em/app/public/wp-content/plugins/84em-file-integrity-checker/tests/Unit/Services/EncryptionServiceTest.php" tests="12" assertions="33" errors="0" warnings="0" failures="0" skipped="0" time="0.006663">
        <testcase name="testEncryptionIsAvailable" class="EightyFourEM\FileIntegrityChecker\Tests\Unit\Services\EncryptionServiceTest" classname="EightyFourEM.FileIntegrityChecker.Tests.Unit.Services.EncryptionServiceTest" file="/home/andrew/workspace/84em/app/public/wp-content/plugins/84em-file-integrity-checker/tests/Unit/Services/EncryptionServiceTest.php" line="62" assertions="1" time="0.001275"/>
        <testcase name="testEncryptDecrypt" class="EightyFourEM\FileIntegrityChecker\Tests\Unit\Services\EncryptionServiceTest" classname="EightyFourEM.FileIntegrityChecker.Tests.Unit.Services.EncryptionServiceTest" file="/home/andrew/workspace/84em/app/public/wp-content/plugins/84em-file-integrity-checker/tests/Unit/Services/EncryptionServiceTest.php" line="72" assertions="5" time="0.000120"/>
        <testcase name="testEncryptEmptyData" class="EightyFourEM\FileIntegrityChecker\Tests\Unit\Services\EncryptionServiceTest" classname="EightyFourEM.FileIntegrityChecker.Tests.Unit.Services.EncryptionServiceTest" file="/home/andrew/workspace/84em/app/public/wp-content/plugins/84em-file-integrity-checker/tests/Unit/Services/EncryptionServiceTest.php" line="92" assertions="2" time="0.000033"/>
        <testcase name="testEncryptLargeData" class="EightyFourEM\FileIntegrityChecker\Tests\Unit\Services\EncryptionServiceTest" classname="EightyFourEM.FileIntegrityChecker.Tests.Unit.Services.EncryptionServiceTest" file="/home/andrew/workspace/84em/app/public/wp-content/plugins/84em-file-integrity-checker/tests/Unit/Services/EncryptionServiceTest.php" line="104" assertions="2" time="0.004695"/>
        <testcase name="testEncryptBinaryData" class="EightyFourEM\FileIntegrityChecker\Tests\Unit\Services\EncryptionServiceTest" classname="EightyFourEM.FileIntegrityChecker.Tests.Unit.Services.EncryptionServiceTest" file="/home/andrew/workspace/84em/app/public/wp-content/plugins/84em-file-integrity-checker/tests/Unit/Services/EncryptionServiceTest.php" line="119" assertions="2" time="0.000068"/>
        <testcase name="testEncryptionRandomness" class="EightyFourEM\FileIntegrityChecker\Tests\Unit\Services\EncryptionServiceTest" classname="EightyFourEM.FileIntegrityChecker.Tests.Unit.Services.EncryptionServiceTest" file="/home/andrew/workspace/84em/app/public/wp-content/plugins/84em-file-integrity-checker/tests/Unit/Services/EncryptionServiceTest.php" line="137" assertions="2" time="0.000048"/>
        <testcase name="testDecryptInvalidData" class="EightyFourEM\FileIntegrityChecker\Tests\Unit\Services\EncryptionServiceTest" classname="EightyFourEM.FileIntegrityChecker.Tests.Unit.Services.EncryptionServiceTest" file="/home/andrew/workspace/84em/app/public/wp-content/plugins/84em-file-integrity-checker/tests/Unit/Services/EncryptionServiceTest.php" line="160" assertions="3" time="0.000029"/>
        <testcase name="testTamperDetection" class="EightyFourEM\FileIntegrityChecker\Tests\Unit\Services\EncryptionServiceTest" classname="EightyFourEM.FileIntegrityChecker.Tests.Unit.Services.EncryptionServiceTest" file="/home/andrew/workspace/84em/app/public/wp-content/plugins/84em-file-integrity-checker/tests/Unit/Services/EncryptionServiceTest.php" line="178" assertions="1" time="0.000028"/>
        <testcase name="testGetStatistics" class="EightyFourEM\FileIntegrityChecker\Tests\Unit\Services\EncryptionServiceTest" classname="EightyFourEM.FileIntegrityChecker.Tests.Unit.Services.EncryptionServiceTest" file="/home/andrew/workspace/84em/app/public/wp-content/plugins/84em-file-integrity-checker/tests/Unit/Services/EncryptionServiceTest.php" line="203" assertions="10" time="0.000263"/>
        <testcase name="testSelfTest" class="EightyFourEM\FileIntegrityChecker\Tests\Unit\Services\EncryptionServiceTest" classname="EightyFourEM.FileIntegrityChecker.Tests.Unit.Services.EncryptionServiceTest" file="/home/andrew/workspace/84em/app/public/wp-content/plugins/84em-file-integrity-checker/tests/Unit/Services/EncryptionServiceTest.php" line="222" assertions="1" time="0.000052"/>
        <testcase name="testEncryptSpecialCharacters" class="EightyFourEM\FileIntegrityChecker\Tests\Unit\Services\EncryptionServiceTest" classname="EightyFourEM.FileIntegrityChecker.Tests.Unit.Services.EncryptionServiceTest" file="/home/andrew/workspace/84em/app/public/wp-content/plugins/84em-file-integrity-checker/tests/Unit/Services/EncryptionServiceTest.php" line="234" assertions="2" time="0.000026"/>
        <testcase name="testEncryptUtf8Data" class="EightyFourEM\FileIntegrityChecker\Tests\Unit\Services\EncryptionServiceTest" classname="EightyFourEM.FileIntegrityChecker.Tests.Unit.Services.EncryptionServiceTest" file="/home/andrew/workspace/84em/app/public/wp-content/plugins/84em-file-integrity-checker/tests/Unit/Services/EncryptionServiceTest.php" line="247" assertions="2" time="0.000025"/>
      </testsuite>
      <testsuite name="EightyFourEM\FileIntegrityChecker\Tests\Unit\Services\NotificationServiceTest" file="/home/andrew/workspace/84em/app/public/wp-content/plugins/84em-file-integrity-checker/tests/Unit/Services/NotificationServiceTest.php" tests="2" assertions="14" errors="0" warnings="0" failures="0" skipped="0" time="0.005206">
        <testcase name="testResendEmailNotificationOnlySendsEmail" class="EightyFourEM\FileIntegrityChecker\Tests\Unit\Services\NotificationServiceTest" classname="EightyFourEM.FileIntegrityChecker.Tests.Unit.Services.NotificationServiceTest" file="/home/andrew/workspace/84em/app/public/wp-content/plugins/84em-file-integrity-checker/tests/Unit/Services/NotificationServiceTest.php" line="43" assertions="7" time="0.005026"/>
        <testcase name="testResendSlackNotificationOnlySendsSlack" class="EightyFourEM\FileIntegrityChecker\Tests\Unit\Services\NotificationServiceTest" classname="EightyFourEM.FileIntegrityChecker.Tests.Unit.Services.NotificationServiceTest" file="/home/andrew/workspace/84em/app/public/wp-content/plugins/84em-file-integrity-checker/tests/Unit/Services/NotificationServiceTest.php" line="131" assertions="7" time="0.000179"/>
      </testsuite>
      <testsuite name="EightyFourEM\FileIntegrityChecker\Tests\Unit\Services\PriorityMatchingServiceTest" file="/home/andrew/workspace/84em/app/public/wp-content/plugins/84em-file-integrity-checker/tests/Unit/Services/PriorityMatchingServiceTest.php" tests="11" assertions="43" errors="0" warnings="0" failures="0" skipped="0" time="0.001715">
        <testcase name="testGetPriorityForFile" class="EightyFourEM\FileIntegrityChecker\Tests\Unit\Services\PriorityMatchingServiceTest" classname="EightyFourEM.FileIntegrityChecker.Tests.Unit.Services.PriorityMatchingServiceTest" file="/home/andrew/workspace/84em/app/public/wp-content/plugins/84em-file-integrity-checker/tests/Unit/Services/PriorityMatchingServiceTest.php" line="68" assertions="2" time="0.001106"/>
        <testcase name="testGetPriorityForFileWithException" class="EightyFourEM\FileIntegrityChecker\Tests\Unit\Services\PriorityMatchingServiceTest" classname="EightyFourEM.FileIntegrityChecker.Tests.Unit.Services.PriorityMatchingServiceTest" file="/home/andrew/workspace/84em/app/public/wp-content/plugins/84em-file-integrity-checker/tests/Unit/Services/PriorityMatchingServiceTest.php" line="84" assertions="3" time="0.000169"/>
        <testcase name="testGetMatchingRules" class="EightyFourEM\FileIntegrityChecker\Tests\Unit\Services\PriorityMatchingServiceTest" classname="EightyFourEM.FileIntegrityChecker.Tests.Unit.Services.PriorityMatchingServiceTest" file="/home/andrew/workspace/84em/app/public/wp-content/plugins/84em-file-integrity-checker/tests/Unit/Services/PriorityMatchingServiceTest.php" line="102" assertions="4" time="0.000074"/>
        <testcase name="testIsInMaintenanceWindow" class="EightyFourEM\FileIntegrityChecker\Tests\Unit\Services\PriorityMatchingServiceTest" classname="EightyFourEM.FileIntegrityChecker.Tests.Unit.Services.PriorityMatchingServiceTest" file="/home/andrew/workspace/84em/app/public/wp-content/plugins/84em-file-integrity-checker/tests/Unit/Services/PriorityMatchingServiceTest.php" line="123" assertions="2" time="0.000038"/>
        <testcase name="testLogChange" class="EightyFourEM\FileIntegrityChecker\Tests\Unit\Services\PriorityMatchingServiceTest" classname="EightyFourEM.FileIntegrityChecker.Tests.Unit.Services.PriorityMatchingServiceTest" file="/home/andrew/workspace/84em/app/public/wp-content/plugins/84em-file-integrity-checker/tests/Unit/Services/PriorityMatchingServiceTest.php" line="139" assertions="2" time="0.000040"/>
        <testcase name="testExceedsVelocityThreshold" class="EightyFourEM\FileIntegrityChecker\Tests\Unit\Services\PriorityMatchingServiceTest" classname="EightyFourEM.FileIntegrityChecker.Tests.Unit.Services.PriorityMatchingServiceTest" file="/home/andrew/workspace/84em/app/public/wp-content/plugins/84em-file-integrity-checker/tests/Unit/Services/PriorityMatchingServiceTest.php" line="162" assertions="3" time="0.000056"/>
        <testcase name="testExceedsVelocityThresholdWithNoThreshold" class="EightyFourEM\FileIntegrityChecker\Tests\Unit\Services\PriorityMatchingServiceTest" classname="EightyFourEM.FileIntegrityChecker.Tests.Unit.Services.PriorityMatchingServiceTest" file="/home/andrew/workspace/84em/app/public/wp-content/plugins/84em-file-integrity-checker/tests/Unit/Services/PriorityMatchingServiceTest.php" line="189" assertions="2" time="0.000035"/>
        <testcase name="testGetVelocityAlerts" class="EightyFourEM\FileIntegrityChecker\Tests\Unit\Services\PriorityMatchingServiceTest" classname="EightyFourEM.FileIntegrityChecker.Tests.Unit.Services.PriorityMatchingServiceTest" file="/home/andrew/workspace/84em/app/public/wp-content/plugins/84em-file-integrity-checker/tests/Unit/Services/PriorityMatchingServiceTest.php" line="211" assertions="4" time="0.000045"/>
        <testcase name="testProcessChangedFile" class="EightyFourEM\FileIntegrityChecker\Tests\Unit\Services\PriorityMatchingServiceTest" classname="EightyFourEM.FileIntegrityChecker.Tests.Unit.Services.PriorityMatchingServiceTest" file="/home/andrew/workspace/84em/app/public/wp-content/plugins/84em-file-integrity-checker/tests/Unit/Services/PriorityMatchingServiceTest.php" line="247" assertions="7" time="0.000077"/>
        <testcase name="testBatchProcessFiles" class="EightyFourEM\FileIntegrityChecker\Tests\Unit\Services\PriorityMatchingServiceTest" classname="EightyFourEM.FileIntegrityChecker.Tests.Unit.Services.PriorityMatchingServiceTest" file="/home/andrew/workspace/84em/app/public/wp-content/plugins/84em-file-integrity-checker/tests/Unit/Services/PriorityMatchingServiceTest.php" line="298" assertions="5" time="0.000050"/>
        <testcase name="testCalculatePriorityStats" class="EightyFourEM\FileIntegrityChecker\Tests\Unit\Services\PriorityMatchingServiceTest" classname="EightyFourEM.FileIntegrityChecker.Tests.Unit.Services.PriorityMatchingServiceTest" file="/home/andrew/workspace/84em/app/public/wp-content/plugins/84em-file-integrity-checker/tests/Unit/Services/PriorityMatchingServiceTest.php" line="328" assertions="9" time="0.000025"/>
      </testsuite>
      <testsuite name="EightyFourEM\FileIntegrityChecker\Tests\Unit\Services\SettingsServiceTest" file="/home/andrew/workspace/84em/app/public/wp-content/plugins/84em-file-integrity-checker/tests/Unit/Services/SettingsServiceTest.php" tests="24" assertions="51" errors="0" warnings="0" failures="0" skipped="0" time="0.000367">
        <testcase name="testGetScanFileTypesDefault" class="EightyFourEM\FileIntegrityChecker\Tests\Unit\Services\SettingsServiceTest" classname="EightyFourEM.FileIntegrityChecker.Tests.Unit.Services.SettingsServiceTest" file="/home/andrew/workspace/84em/app/public/wp-content/plugins/84em-file-integrity-checker/tests/Unit/Services/SettingsServiceTest.php" line="31" assertions="1" time="0.000016"/>
        <testcase name="testSetScanFileTypes" class="EightyFourEM\FileIntegrityChecker\Tests\Unit\Services\SettingsServiceTest" classname="EightyFourEM.FileIntegrityChecker.Tests.Unit.Services.SettingsServiceTest" file="/home/andrew/workspace/84em/app/public/wp-content/plugins/84em-file-integrity-checker/tests/Unit/Services/SettingsServiceTest.php" line="37" assertions="2" time="0.000013"/>
        <testcase name="testSetScanFileTypesNormalizesDotPrefix" class="EightyFourEM\FileIntegrityChecker\Tests\Unit\Services\SettingsServiceTest" classname="EightyFourEM.FileIntegrityChecker.Tests.Unit.Services.SettingsServiceTest" file="/home/andrew/workspace/84em/app/public/wp-content/plugins/84em-file-integrity-checker/tests/Unit/Services/SettingsServiceTest.php" line="46" assertions="1" time="0.000010"/>
        <testcase name="testSetScanFileTypesRemovesDuplicates" class="EightyFourEM\FileIntegrityChecker\Tests\Unit\Services\SettingsServiceTest" classname="EightyFourEM.FileIntegrityChecker.Tests.Unit.Services.SettingsServiceTest" file="/home/andrew/workspace/84em/app/public/wp-content/plugins/84em-file-integrity-checker/tests/Unit/Services/SettingsServiceTest.php" line="55" assertions="1" time="0.000009"/>
        <testcase name="testGetScanIntervalDefault" class="EightyFourEM\FileIntegrityChecker\Tests\Unit\Services\SettingsServiceTest" classname="EightyFourEM.FileIntegrityChecker.Tests.Unit.Services.SettingsServiceTest" file="/home/andrew/workspace/84em/app/public/wp-content/plugins/84em-file-integrity-checker/tests/Unit/Services/SettingsServiceTest.php" line="65" assertions="1" time="0.000008"/>
        <testcase name="testSetScanIntervalValid" class="EightyFourEM\FileIntegrityChecker\Tests\Unit\Services\SettingsServiceTest" classname="EightyFourEM.FileIntegrityChecker.Tests.Unit.Services.SettingsServiceTest" file="/home/andrew/workspace/84em/app/public/wp-content/plugins/84em-file-integrity-checker/tests/Unit/Services/SettingsServiceTest.php" line="71" assertions="2" time="0.000039"/>
        <testcase name="testSetScanIntervalInvalid" class="EightyFourEM\FileIntegrityChecker\Tests\Unit\Services\SettingsServiceTest" classname="EightyFourEM.FileIntegrityChecker.Tests.Unit.Services.SettingsServiceTest" file="/home/andrew/workspace/84em/app/public/wp-content/plugins/84em-file-integrity-checker/tests/Unit/Services/SettingsServiceTest.php" line="78" assertions="2" time="0.000010"/>
        <testcase name="testGetExcludePatternsDefault" class="EightyFourEM\FileIntegrityChecker\Tests\Unit\Services\SettingsServiceTest" classname="EightyFourEM.FileIntegrityChecker.Tests.Unit.Services.SettingsServiceTest" file="/home/andrew/workspace/84em/app/public/wp-content/plugins/84em-file-integrity-checker/tests/Unit/Services/SettingsServiceTest.php" line="86" assertions="1" time="0.000008"/>
        <testcase name="testSetExcludePatterns" class="EightyFourEM\FileIntegrityChecker\Tests\Unit\Services\SettingsServiceTest" classname="EightyFourEM.FileIntegrityChecker.Tests.Unit.Services.SettingsServiceTest" file="/home/andrew/workspace/84em/app/public/wp-content/plugins/84em-file-integrity-checker/tests/Unit/Services/SettingsServiceTest.php" line="103" assertions="2" time="0.000010"/>
        <testcase name="testSetExcludePatternsFiltersEmpty" class="EightyFourEM\FileIntegrityChecker\Tests\Unit\Services\SettingsServiceTest" classname="EightyFourEM.FileIntegrityChecker.Tests.Unit.Services.SettingsServiceTest" file="/home/andrew/workspace/84em/app/public/wp-content/plugins/84em-file-integrity-checker/tests/Unit/Services/SettingsServiceTest.php" line="112" assertions="1" time="0.000009"/>
        <testcase name="testGetMaxFileSizeDefault" class="EightyFourEM\FileIntegrityChecker\Tests\Unit\Services\SettingsServiceTest" classname="EightyFourEM.FileIntegrityChecker.Tests.Unit.Services.SettingsServiceTest" file="/home/andrew/workspace/84em/app/public/wp-content/plugins/84em-file-integrity-checker/tests/Unit/Services/SettingsServiceTest.php" line="122" assertions="1" time="0.000007"/>
        <testcase name="testSetMaxFileSizeValid" class="EightyFourEM\FileIntegrityChecker\Tests\Unit\Services\SettingsServiceTest" classname="EightyFourEM.FileIntegrityChecker.Tests.Unit.Services.SettingsServiceTest" file="/home/andrew/workspace/84em/app/public/wp-content/plugins/84em-file-integrity-checker/tests/Unit/Services/SettingsServiceTest.php" line="128" assertions="2" time="0.000008"/>
        <testcase name="testSetMaxFileSizeInvalid" class="EightyFourEM\FileIntegrityChecker\Tests\Unit\Services\SettingsServiceTest" classname="EightyFourEM.FileIntegrityChecker.Tests.Unit.Services.SettingsServiceTest" file="/home/andrew/workspace/84em/app/public/wp-content/plugins/84em-file-integrity-checker/tests/Unit/Services/SettingsServiceTest.php" line="137" assertions="3" time="0.000008"/>
        <testcase name="testIsNotificationEnabledDefault" class="EightyFourEM\FileIntegrityChecker\Tests\Unit\Services\SettingsServiceTest" classname="EightyFourEM.FileIntegrityChecker.Tests.Unit.Services.SettingsServiceTest" file="/home/andrew/workspace/84em/app/public/wp-content/plugins/84em-file-integrity-checker/tests/Unit/Services/SettingsServiceTest.php" line="151" assertions="1" time="0.000007"/>
        <testcase name="testSetNotificationEnabled" class="EightyFourEM\FileIntegrityChecker\Tests\Unit\Services\SettingsServiceTest" classname="EightyFourEM.FileIntegrityChecker.Tests.Unit.Services.SettingsServiceTest" file="/home/andrew/workspace/84em/app/public/wp-content/plugins/84em-file-integrity-checker/tests/Unit/Services/SettingsServiceTest.php" line="157" assertions="2" time="0.000008"/>
        <testcase name="testSetNotificationEmailValid" class="EightyFourEM\FileIntegrityChecker\Tests\Unit\Services\SettingsServiceTest" classname="EightyFourEM.FileIntegrityChecker.Tests.Unit.Services.SettingsServiceTest" file="/home/andrew/workspace/84em/app/public/wp-content/plugins/84em-file-integrity-checker/tests/Unit/Services/SettingsServiceTest.php" line="164" assertions="2" time="0.000118"/>
        <testcase name="testSetNotificationEmailInvalid" class="EightyFourEM\FileIntegrityChecker\Tests\Unit\Services\SettingsServiceTest" classname="EightyFourEM.FileIntegrityChecker.Tests.Unit.Services.SettingsServiceTest" file="/home/andrew/workspace/84em/app/public/wp-content/plugins/84em-file-integrity-checker/tests/Unit/Services/SettingsServiceTest.php" line="173" assertions="1" time="0.000009"/>
        <testcase name="testGetRetentionPeriodDefault" class="EightyFourEM\FileIntegrityChecker\Tests\Unit\Services\SettingsServiceTest" classname="EightyFourEM.FileIntegrityChecker.Tests.Unit.Services.SettingsServiceTest" file="/home/andrew/workspace/84em/app/public/wp-content/plugins/84em-file-integrity-checker/tests/Unit/Services/SettingsServiceTest.php" line="179" assertions="1" time="0.000008"/>
        <testcase name="testSetRetentionPeriodValid" class="EightyFourEM\FileIntegrityChecker\Tests\Unit\Services\SettingsServiceTest" classname="EightyFourEM.FileIntegrityChecker.Tests.Unit.Services.SettingsServiceTest" file="/home/andrew/workspace/84em/app/public/wp-content/plugins/84em-file-integrity-checker/tests/Unit/Services/SettingsServiceTest.php" line="185" assertions="2" time="0.000008"/>
        <testcase name="testSetRetentionPeriodInvalid" class="EightyFourEM\FileIntegrityChecker\Tests\Unit\Services\SettingsServiceTest" classname="EightyFourEM.FileIntegrityChecker.Tests.Unit.Services.SettingsServiceTest" file="/home/andrew/workspace/84em/app/public/wp-content/plugins/84em-file-integrity-checker/tests/Unit/Services/SettingsServiceTest.php" line="194" assertions="2" time="0.000008"/>
        <testcase name="testGetAllSettings" class="EightyFourEM\FileIntegrityChecker\Tests\Unit\Services\SettingsServiceTest" classname="EightyFourEM.FileIntegrityChecker.Tests.Unit.Services.SettingsServiceTest" file="/home/andrew/workspace/84em/app/public/wp-content/plugins/84em-file-integrity-checker/tests/Unit/Services/SettingsServiceTest.php" line="204" assertions="8" time="0.000014"/>
        <testcase name="testUpdateSettings" class="EightyFourEM\FileIntegrityChecker\Tests\Unit\Services\SettingsServiceTest" classname="EightyFourEM.FileIntegrityChecker.Tests.Unit.Services.SettingsServiceTest" file="/home/andrew/workspace/84em/app/public/wp-content/plugins/84em-file-integrity-checker/tests/Unit/Services/SettingsServiceTest.php" line="217" assertions="6" time="0.000011"/>
        <testcase name="testUpdateSettingsPartialFailure" class="EightyFourEM\FileIntegrityChecker\Tests\Unit\Services\SettingsServiceTest" classname="EightyFourEM.FileIntegrityChecker.Tests.Unit.Services.SettingsServiceTest" file="/home/andrew/workspace/84em/app/public/wp-content/plugins/84em-file-integrity-checker/tests/Unit/Services/SettingsServiceTest.php" line="236" assertions="3" time="0.000008"/>
        <testcase name="testResetToDefaults" class="EightyFourEM\FileIntegrityChecker\Tests\Unit\Services\SettingsServiceTest" classname="EightyFourEM.FileIntegrityChecker.Tests.Unit.Services.SettingsServiceTest" file="/home/andrew/workspace/84em/app/public/wp-content/plugins/84em-file-integrity-checker/tests/Unit/Services/SettingsServiceTest.php" line="250" assertions="3" time="0.000011"/>
      </testsuite>
    </testsuite>
    <testsuite name="Integration Tests" tests="7" assertions="63" errors="0" warnings="0" failures="0" skipped="0" time="0.005467">
      <testsuite name="EightyFourEM\FileIntegrityChecker\Tests\Integration\FileScannerIntegrationTest" file="/home/andrew/workspace/84em/app/public/wp-content/plugins/84em-file-integrity-checker/tests/Integration/FileScannerIntegrationTest.php" tests="7" assertions="63" errors="0" warnings="0" failures="0" skipped="0" time="0.005467">
        <testcase name="testScanDirectoryFindsAllFiles" class="EightyFourEM\FileIntegrityChecker\Tests\Integration\FileScannerIntegrationTest" classname="EightyFourEM.FileIntegrityChecker.Tests.Integration.FileScannerIntegrationTest" file="/home/andrew/workspace/84em/app/public/wp-content/plugins/84em-file-integrity-checker/tests/Integration/FileScannerIntegrationTest.php" line="96" assertions="5" time="0.002807"/>
        <testcase name="testScanDirectoryFileStructure" class="EightyFourEM\FileIntegrityChecker\Tests\Integration\FileScannerIntegrationTest" classname="EightyFourEM.FileIntegrityChecker.Tests.Integration.FileScannerIntegrationTest" file="/home/andrew/workspace/84em/app/public/wp-content/plugins/84em-file-integrity-checker/tests/Integration/FileScannerIntegrationTest.php" line="115" assertions="40" time="0.000357"/>
        <testcase name="testCompareScansDetectsNewFiles" class="EightyFourEM\FileIntegrityChecker\Tests\Integration\FileScannerIntegrationTest" classname="EightyFourEM.FileIntegrityChecker.Tests.Integration.FileScannerIntegrationTest" file="/home/andrew/workspace/84em/app/public/wp-content/plugins/84em-file-integrity-checker/tests/Integration/FileScannerIntegrationTest.php" line="133" assertions="2" time="0.000684"/>
        <testcase name="testCompareScansDetectsChangedFiles" class="EightyFourEM\FileIntegrityChecker\Tests\Integration\FileScannerIntegrationTest" classname="EightyFourEM.FileIntegrityChecker.Tests.Integration.FileScannerIntegrationTest" file="/home/andrew/workspace/84em/app/public/wp-content/plugins/84em-file-integrity-checker/tests/Integration/FileScannerIntegrationTest.php" line="167" assertions="3" time="0.000610"/>
        <testcase name="testCompareScansDetectsDeletedFiles" class="EightyFourEM\FileIntegrityChecker\Tests\Integration\FileScannerIntegrationTest" classname="EightyFourEM.FileIntegrityChecker.Tests.Integration.FileScannerIntegrationTest" file="/home/andrew/workspace/84em/app/public/wp-content/plugins/84em-file-integrity-checker/tests/Integration/FileScannerIntegrationTest.php" line="201" assertions="3" time="0.000433"/>
        <testcase name="testGetStatistics" class="EightyFourEM\FileIntegrityChecker\Tests\Integration\FileScannerIntegrationTest" classname="EightyFourEM.FileIntegrityChecker.Tests.Integration.FileScannerIntegrationTest" file="/home/andrew/workspace/84em/app/public/wp-content/plugins/84em-file-integrity-checker/tests/Integration/FileScannerIntegrationTest.php" line="235" assertions="6" time="0.000217"/>
        <testcase name="testProgressCallback" class="EightyFourEM\FileIntegrityChecker\Tests\Integration\FileScannerIntegrationTest" classname="EightyFourEM.FileIntegrityChecker.Tests.Integration.FileScannerIntegrationTest" file="/home/andrew/workspace/84em/app/public/wp-content/plugins/84em-file-integrity-checker/tests/Integration/FileScannerIntegrationTest.php" line="277" assertions="4" time="0.000359"/>
      </testsuite>
    </testsuite>
  </testsuite>
</testsuites>
